--------------|---------|----------|---------|---------|------------------------------------------------
File          | % Stmts | % Branch | % Funcs | % Lines | Uncovered Line #s                              
--------------|---------|----------|---------|---------|------------------------------------------------
All files     |   69.18 |    77.41 |   77.41 |   70.62 |                                                
 Board.js     |   96.87 |    96.87 |     100 |   96.55 | 61                                             
 CPUPlayer.js |   95.83 |    85.71 |     100 |   95.83 | 16                                             
 Game.js      |    50.5 |       60 |   53.33 |   52.74 | 46-63,75-76,83-84,94-95,99-102,118-124,147-171 
 Ship.js      |     100 |      100 |     100 |     100 |                                                
 config.js    |     100 |      100 |     100 |     100 |                                                
 index.js     |       0 |      100 |     100 |       0 | 3-4                                            
--------------|---------|----------|---------|---------|------------------------------------------------

=============================== Coverage summary ===============================
Statements   : 69.18% ( 119/172 )
Branches     : 77.41% ( 72/93 )
Functions    : 77.41% ( 24/31 )
Lines        : 70.62% ( 113/160 )
================================================================================
